tv/build/outputs/logs/manifest-merger-debug-report.txt
-- Merging decision tree log ---
manifest
ADDED from src\main\AndroidManifest.xml:2:1-39:12
	package
		ADDED from src\main\AndroidManifest.xml:3:5-40
		INJECTED from src\main\AndroidManifest.xml
		INJECTED from src\main\AndroidManifest.xml
	android:versionName
		INJECTED from src\main\AndroidManifest.xml
		INJECTED from src\main\AndroidManifest.xml
	xmlns:android
		ADDED from src\main\AndroidManifest.xml:2:11-69
	android:versionCode
		INJECTED from src\main\AndroidManifest.xml
		INJECTED from src\main\AndroidManifest.xml
uses-permission#android.permission.INTERNET
ADDED from src\main\AndroidManifest.xml:5:5-67
	android:name
		ADDED from src\main\AndroidManifest.xml:5:22-64
uses-permission#android.permission.RECORD_AUDIO
ADDED from src\main\AndroidManifest.xml:6:5-71
	android:name
		ADDED from src\main\AndroidManifest.xml:6:22-68
uses-feature#android.hardware.touchscreen
ADDED from src\main\AndroidManifest.xml:8:5-10:36
	android:required
		ADDED from src\main\AndroidManifest.xml:10:9-33
	android:name
		ADDED from src\main\AndroidManifest.xml:9:9-52
uses-feature#android.software.leanback
ADDED from src\main\AndroidManifest.xml:11:5-13:35
	android:required
		ADDED from src\main\AndroidManifest.xml:13:9-32
	android:name
		ADDED from src\main\AndroidManifest.xml:12:9-49
application
ADDED from src\main\AndroidManifest.xml:15:5-37:19
MERGED from [com.android.support:leanback-v17:26.0.0-alpha1] AndroidManifest.xml:26:5-20
MERGED from [com.android.support:appcompat-v7:26.0.0-alpha1] AndroidManifest.xml:29:5-20
MERGED from [com.android.support:support-v4:26.0.0-alpha1] AndroidManifest.xml:29:5-20
MERGED from [com.android.support:support-media-compat:26.0.0-alpha1] AndroidManifest.xml:29:5-20
MERGED from [com.android.support:support-fragment:26.0.0-alpha1] AndroidManifest.xml:29:5-20
MERGED from [com.android.support:support-core-ui:26.0.0-alpha1] AndroidManifest.xml:29:5-20
MERGED from [com.android.support:support-core-utils:26.0.0-alpha1] AndroidManifest.xml:29:5-20
MERGED from [com.android.support:animated-vector-drawable:26.0.0-alpha1] AndroidManifest.xml:26:5-20
MERGED from [com.android.support:support-vector-drawable:26.0.0-alpha1] AndroidManifest.xml:26:5-20
MERGED from [com.android.support:support-compat:26.0.0-alpha1] AndroidManifest.xml:29:5-20
	android:label
		ADDED from src\main\AndroidManifest.xml:18:9-41
	android:supportsRtl
		ADDED from src\main\AndroidManifest.xml:19:9-35
	android:allowBackup
		ADDED from src\main\AndroidManifest.xml:16:9-35
	android:icon
		ADDED from src\main\AndroidManifest.xml:17:9-43
	android:theme
		ADDED from src\main\AndroidManifest.xml:20:9-46
activity#com.example.hp.myfirstapp.MainActivity
ADDED from src\main\AndroidManifest.xml:21:9-33:20
	android:screenOrientation
		ADDED from src\main\AndroidManifest.xml:27:13-50
	android:label
		ADDED from src\main\AndroidManifest.xml:25:13-45
	android:icon
		ADDED from src\main\AndroidManifest.xml:24:13-59
	android:banner
		ADDED from src\main\AndroidManifest.xml:23:13-61
	android:logo
		ADDED from src\main\AndroidManifest.xml:26:13-59
	android:name
		ADDED from src\main\AndroidManifest.xml:22:13-41
intent-filter#android.intent.action.MAIN+android.intent.category.LEANBACK_LAUNCHER
ADDED from src\main\AndroidManifest.xml:28:13-32:29
action#android.intent.action.MAIN
ADDED from src\main\AndroidManifest.xml:29:17-69
	android:name
		ADDED from src\main\AndroidManifest.xml:29:25-66
category#android.intent.category.LEANBACK_LAUNCHER
ADDED from src\main\AndroidManifest.xml:31:17-86
	android:name
		ADDED from src\main\AndroidManifest.xml:31:27-83
activity#com.example.hp.myfirstapp.DetailsActivity
ADDED from src\main\AndroidManifest.xml:34:9-53
	android:name
		ADDED from src\main\AndroidManifest.xml:34:19-50
activity#com.example.hp.myfirstapp.PlaybackOverlayActivity
ADDED from src\main\AndroidManifest.xml:35:9-61
	android:name
		ADDED from src\main\AndroidManifest.xml:35:19-58
activity#com.example.hp.myfirstapp.BrowseErrorActivity
ADDED from src\main\AndroidManifest.xml:36:9-57
	android:name
		ADDED from src\main\AndroidManifest.xml:36:19-54
uses-sdk
INJECTED from src\main\AndroidManifest.xml reason: use-sdk injection requested
MERGED from [com.android.support:leanback-v17:26.0.0-alpha1] AndroidManifest.xml:20:5-44
MERGED from [com.android.support:recyclerview-v7:26.0.0-alpha1] AndroidManifest.xml:20:5-44
MERGED from [com.android.support:appcompat-v7:26.0.0-alpha1] AndroidManifest.xml:21:5-23:78
MERGED from [com.android.support:support-v4:26.0.0-alpha1] AndroidManifest.xml:21:5-23:54
MERGED from [com.android.support:support-media-compat:26.0.0-alpha1] AndroidManifest.xml:21:5-23:63
MERGED from [com.android.support:support-fragment:26.0.0-alpha1] AndroidManifest.xml:21:5-23:60
MERGED from [com.android.support:support-core-ui:26.0.0-alpha1] AndroidManifest.xml:21:5-23:58
MERGED from [com.android.support:support-core-utils:26.0.0-alpha1] AndroidManifest.xml:21:5-23:61
MERGED from [com.android.support:animated-vector-drawable:26.0.0-alpha1] AndroidManifest.xml:20:5-44
MERGED from [com.android.support:support-vector-drawable:26.0.0-alpha1] AndroidManifest.xml:20:5-44
MERGED from [com.android.support:support-compat:26.0.0-alpha1] AndroidManifest.xml:21:5-23:58
	tools:overrideLibrary
		ADDED from [com.android.support:appcompat-v7:26.0.0-alpha1] AndroidManifest.xml:23:9-75
	android:targetSdkVersion
		INJECTED from src\main\AndroidManifest.xml
		INJECTED from src\main\AndroidManifest.xml
	android:minSdkVersion
		INJECTED from src\main\AndroidManifest.xml
		INJECTED from src\main\AndroidManifest.xml
meta-data#android.support.VERSION
ADDED from [com.android.support:leanback-v17:26.0.0-alpha1] AndroidManifest.xml:22:5-24:41
MERGED from [com.android.support:recyclerview-v7:26.0.0-alpha1] AndroidManifest.xml:22:5-24:41
MERGED from [com.android.support:appcompat-v7:26.0.0-alpha1] AndroidManifest.xml:25:5-27:41
MERGED from [com.android.support:support-v4:26.0.0-alpha1] AndroidManifest.xml:25:5-27:41
MERGED from [com.android.support:support-media-compat:26.0.0-alpha1] AndroidManifest.xml:25:5-27:41
MERGED from [com.android.support:support-fragment:26.0.0-alpha1] AndroidManifest.xml:25:5-27:41
MERGED from [com.android.support:support-core-ui:26.0.0-alpha1] AndroidManifest.xml:25:5-27:41
MERGED from [com.android.support:support-core-utils:26.0.0-alpha1] AndroidManifest.xml:25:5-27:41
MERGED from [com.android.support:animated-vector-drawable:26.0.0-alpha1] AndroidManifest.xml:22:5-24:41
MERGED from [com.android.support:support-vector-drawable:26.0.0-alpha1] AndroidManifest.xml:22:5-24:41
MERGED from [com.android.support:support-compat:26.0.0-alpha1] AndroidManifest.xml:25:5-27:41
	android:value
		ADDED from [com.android.support:leanback-v17:26.0.0-alpha1] AndroidManifest.xml:24:9-38
	android:name
		ADDED from [com.android.support:leanback-v17:26.0.0-alpha1] AndroidManifest.xml:23:9-47